Mon Jan 15 21:18:52 CST 2018 : Apache Derby Network Server - 10.11.1.2 - (1629631) started and ready to accept connections on port 1527
----------------------------------------------------------------
Mon Jan 15 21:18:52 CST 2018:
Booting Derby version The Apache Software Foundation - Apache Derby - 10.11.1.2 - (1629631): instance a816c00e-0160-fcfa-036e-00005a925e12 
on database directory C:\Users\Cristina\Documents\GitHub\PIMS\PIMSDatabase with class loader sun.misc.Launcher$AppClassLoader@1d44bcfa 
Loaded from file:/C:/Program%20Files/Java/jdk1.8.0_151/db/lib/derby.jar
java.vendor=Oracle Corporation
java.runtime.version=1.8.0_151-b12
user.dir=C:\Program Files\Java\jdk1.8.0_151\db
os.name=Windows 10
os.arch=amd64
os.version=10.0
derby.system.home=C:\Users\Cristina\Documents\GitHub\PIMS
Database Class Loader started - derby.database.classpath=''
----------------------------------------------------------------
Mon Jan 15 21:18:58 CST 2018:
Shutting down instance a816c00e-0160-fcfa-036e-00005a925e12 on database directory C:\Users\Cristina\Documents\GitHub\PIMS\PIMSDatabase with class loader sun.misc.Launcher$AppClassLoader@1d44bcfa 
Mon Jan 15 21:18:58 CST 2018 Thread[DRDAConnThread_2,5,main] (DATABASE = PIMSDatabase), (DRDAID = {2}), Database 'PIMSDatabase' shutdown.
----------------------------------------------------------------
Mon Jan 15 21:19:11 CST 2018:
Booting Derby version The Apache Software Foundation - Apache Derby - 10.11.1.2 - (1629631): instance a65c80ac-0160-fcfa-036e-00005a925e12 
on database directory C:\Users\Cristina\Documents\GitHub\PIMS\PIMSDatabase with class loader sun.misc.Launcher$AppClassLoader@1d44bcfa 
Loaded from file:/C:/Program%20Files/Java/jdk1.8.0_151/db/lib/derby.jar
java.vendor=Oracle Corporation
java.runtime.version=1.8.0_151-b12
user.dir=C:\Program Files\Java\jdk1.8.0_151\db
os.name=Windows 10
os.arch=amd64
os.version=10.0
derby.system.home=C:\Users\Cristina\Documents\GitHub\PIMS
Database Class Loader started - derby.database.classpath=''
----------------------------------------------------------------
Tue Jan 16 13:21:20 CST 2018: Shutting down Derby engine
